<?xml version="1.0" encoding="UTF-8"?>
<!-- Generated by org.testng.reporters.JUnitReportReporter -->
<testsuite hostname="DESKTOP-CVR2IBO" failures="0" tests="1" name="Test.HomeTest" time="0.181" errors="0" timestamp="2022-04-17T23:45:30 IST" skipped="0">
  <testcase classname="Test.HomeTest" name="Logout" time="0.181"/>
  <system-out/>
</testsuite> <!-- Test.HomeTest -->
