<?xml version="1.0" encoding="UTF-8"?>
<!-- Generated by org.testng.reporters.JUnitReportReporter -->
<testsuite hostname="DESKTOP-CVR2IBO" failures="0" tests="1" name="Test.LoginTest" time="13.332" errors="0" timestamp="2022-04-17T23:45:30 IST" skipped="0">
  <testcase classname="Test.LoginTest" name="Login" time="13.332"/>
  <system-out/>
</testsuite> <!-- Test.LoginTest -->
